2022-04-13 01:09:52.426 INFO  (main) [   ] o.e.j.u.log Logging initialized @1076ms to org.eclipse.jetty.util.log.Slf4jLog
2022-04-13 01:09:52.709 WARN  (main) [   ] o.e.j.s.AbstractConnector Ignoring deprecated socket close linger time
2022-04-13 01:09:52.721 INFO  (main) [   ] o.e.j.s.Server jetty-9.4.14.v20181114; built: 2018-11-14T21:20:31.478Z; git: c4550056e785fb5665914545889f21dc136ad9e6; jvm 1.8.0_321-b07
2022-04-13 01:09:52.744 INFO  (main) [   ] o.e.j.d.p.ScanningAppProvider Deployment monitor [file:///Users/esha/Documents/CSCI%20572/hw4/solr-7.7.3/server/contexts/] at interval 0
2022-04-13 01:09:53.117 INFO  (main) [   ] o.e.j.w.StandardDescriptorProcessor NO JSP Support for /solr, did not find org.apache.jasper.servlet.JspServlet
2022-04-13 01:09:53.124 INFO  (main) [   ] o.e.j.s.session DefaultSessionIdManager workerName=node0
2022-04-13 01:09:53.124 INFO  (main) [   ] o.e.j.s.session No SessionScavenger set, using defaults
2022-04-13 01:09:53.125 INFO  (main) [   ] o.e.j.s.session node0 Scavenging every 600000ms
2022-04-13 01:09:53.274 INFO  (main) [   ] o.a.s.s.SolrDispatchFilter Using logger factory org.apache.logging.slf4j.Log4jLoggerFactory
2022-04-13 01:09:53.284 INFO  (main) [   ] o.a.s.s.SolrDispatchFilter  ___      _       Welcome to Apache Solr™ version 7.7.3
2022-04-13 01:09:53.285 INFO  (main) [   ] o.a.s.s.SolrDispatchFilter / __| ___| |_ _   Starting in standalone mode on port 8983
2022-04-13 01:09:53.285 INFO  (main) [   ] o.a.s.s.SolrDispatchFilter \__ \/ _ \ | '_|  Install dir: /Users/esha/Documents/CSCI 572/hw4/solr-7.7.3
2022-04-13 01:09:53.286 INFO  (main) [   ] o.a.s.s.SolrDispatchFilter |___/\___/_|_|    Start time: 2022-04-13T01:09:53.286Z
2022-04-13 01:09:53.329 INFO  (main) [   ] o.a.s.c.SolrResourceLoader Using system property solr.solr.home: /Users/esha/Documents/CSCI 572/hw4/solr-7.7.3/server/solr
2022-04-13 01:09:53.340 INFO  (main) [   ] o.a.s.c.SolrXmlConfig Loading container configuration from /Users/esha/Documents/CSCI 572/hw4/solr-7.7.3/server/solr/solr.xml
2022-04-13 01:09:53.440 INFO  (main) [   ] o.a.s.c.SolrXmlConfig MBean server found: com.sun.jmx.mbeanserver.JmxMBeanServer@146044d7, but no JMX reporters were configured - adding default JMX reporter.
2022-04-13 01:09:55.256 INFO  (main) [   ] o.a.s.h.c.HttpShardHandlerFactory Host whitelist initialized: WhitelistHostChecker [whitelistHosts=null, whitelistHostCheckingEnabled=true]
2022-04-13 01:09:56.121 INFO  (main) [   ] o.a.s.c.TransientSolrCoreCacheDefault Allocating transient cache for 2147483647 transient cores
2022-04-13 01:09:56.125 INFO  (main) [   ] o.a.s.h.a.MetricsHistoryHandler No .system collection, keeping metrics history in memory.
2022-04-13 01:09:56.256 INFO  (main) [   ] o.a.s.m.r.SolrJmxReporter JMX monitoring for 'solr.node' (registry 'solr.node') enabled at server: com.sun.jmx.mbeanserver.JmxMBeanServer@146044d7
2022-04-13 01:09:56.257 INFO  (main) [   ] o.a.s.m.r.SolrJmxReporter JMX monitoring for 'solr.jvm' (registry 'solr.jvm') enabled at server: com.sun.jmx.mbeanserver.JmxMBeanServer@146044d7
2022-04-13 01:09:56.272 INFO  (main) [   ] o.a.s.m.r.SolrJmxReporter JMX monitoring for 'solr.jetty' (registry 'solr.jetty') enabled at server: com.sun.jmx.mbeanserver.JmxMBeanServer@146044d7
2022-04-13 01:09:56.433 INFO  (main) [   ] o.a.s.c.CorePropertiesLocator Found 1 core definitions underneath /Users/esha/Documents/CSCI 572/hw4/solr-7.7.3/server/solr
2022-04-13 01:09:56.435 INFO  (main) [   ] o.a.s.c.CorePropertiesLocator Cores are: [myexample]
2022-04-13 01:09:56.569 INFO  (main) [   ] o.e.j.s.h.ContextHandler Started o.e.j.w.WebAppContext@561b6512{/solr,file:///Users/esha/Documents/CSCI%20572/hw4/solr-7.7.3/server/solr-webapp/webapp/,AVAILABLE}{/Users/esha/Documents/CSCI 572/hw4/solr-7.7.3/server/solr-webapp/webapp}
2022-04-13 01:09:56.613 INFO  (main) [   ] o.e.j.s.AbstractConnector Started ServerConnector@195c0251{HTTP/1.1,[http/1.1]}{0.0.0.0:8983}
2022-04-13 01:09:56.656 INFO  (main) [   ] o.e.j.s.Server Started @5304ms
2022-04-13 01:09:56.707 INFO  (coreLoadExecutor-9-thread-1) [   x:myexample] o.a.s.c.SolrResourceLoader [myexample] Added 54 libs to classloader, from paths: [/Users/esha/Documents/CSCI%20572/hw4/solr-7.7.3/contrib/clustering/lib, /Users/esha/Documents/CSCI%20572/hw4/solr-7.7.3/contrib/extraction/lib, /Users/esha/Documents/CSCI%20572/hw4/solr-7.7.3/contrib/langid/lib, /Users/esha/Documents/CSCI%20572/hw4/solr-7.7.3/dist]
2022-04-13 01:09:56.914 INFO  (coreLoadExecutor-9-thread-1) [   x:myexample] o.a.s.c.SolrConfig Using Lucene MatchVersion: 7.7.3
2022-04-13 01:09:57.198 INFO  (coreLoadExecutor-9-thread-1) [   x:myexample] o.a.s.s.IndexSchema [myexample] Schema name=default-config
2022-04-13 01:09:58.007 INFO  (coreLoadExecutor-9-thread-1) [   x:myexample] o.a.s.s.IndexSchema Loaded schema default-config/1.6 with uniqueid field id
2022-04-13 01:09:58.075 INFO  (coreLoadExecutor-9-thread-1) [   x:myexample] o.a.s.c.CoreContainer Creating SolrCore 'myexample' using configuration from instancedir /Users/esha/Documents/CSCI 572/hw4/solr-7.7.3/server/solr/myexample, trusted=true
2022-04-13 01:09:58.114 INFO  (coreLoadExecutor-9-thread-1) [   x:myexample] o.a.s.m.r.SolrJmxReporter JMX monitoring for 'solr.core.myexample' (registry 'solr.core.myexample') enabled at server: com.sun.jmx.mbeanserver.JmxMBeanServer@146044d7
2022-04-13 01:09:58.133 INFO  (coreLoadExecutor-9-thread-1) [   x:myexample] o.a.s.c.SolrCore [[myexample] ] Opening new SolrCore at [/Users/esha/Documents/CSCI 572/hw4/solr-7.7.3/server/solr/myexample], dataDir=[/Users/esha/Documents/CSCI 572/hw4/solr-7.7.3/server/solr/myexample/data/]
2022-04-13 01:09:58.151 INFO  (coreLoadExecutor-9-thread-1) [   x:myexample] o.a.s.s.ExternalFileFieldReloader Adding ExternalFileFieldReloader listener for field pageRankFile
2022-04-13 01:09:58.151 INFO  (coreLoadExecutor-9-thread-1) [   x:myexample] o.a.s.s.ExternalFileFieldReloader Adding ExternalFileFieldReloader listener for field pageRankFile
2022-04-13 01:09:58.279 INFO  (coreLoadExecutor-9-thread-1) [   x:myexample] o.a.s.r.XSLTResponseWriter xsltCacheLifetimeSeconds=5
2022-04-13 01:09:58.771 INFO  (coreLoadExecutor-9-thread-1) [   x:myexample] o.a.s.u.UpdateHandler Using UpdateLog implementation: org.apache.solr.update.UpdateLog
2022-04-13 01:09:58.772 INFO  (coreLoadExecutor-9-thread-1) [   x:myexample] o.a.s.u.UpdateLog Initializing UpdateLog: dataDir= defaultSyncLevel=FLUSH numRecordsToKeep=100 maxNumLogsToKeep=10 numVersionBuckets=65536
2022-04-13 01:09:58.833 INFO  (coreLoadExecutor-9-thread-1) [   x:myexample] o.a.s.u.CommitTracker Hard AutoCommit: if uncommitted for 15000ms; 
2022-04-13 01:09:58.833 INFO  (coreLoadExecutor-9-thread-1) [   x:myexample] o.a.s.u.CommitTracker Soft AutoCommit: disabled
2022-04-13 01:09:59.256 INFO  (coreLoadExecutor-9-thread-1) [   x:myexample] o.a.s.s.SolrIndexSearcher Opening [Searcher@18dd89ce[myexample] main]
2022-04-13 01:09:59.283 INFO  (coreLoadExecutor-9-thread-1) [   x:myexample] o.a.s.r.ManagedResourceStorage File-based storage initialized to use dir: /Users/esha/Documents/CSCI 572/hw4/solr-7.7.3/server/solr/myexample/conf
2022-04-13 01:09:59.310 INFO  (coreLoadExecutor-9-thread-1) [   x:myexample] o.a.s.h.c.SpellCheckComponent Initializing spell checkers
2022-04-13 01:09:59.316 INFO  (coreLoadExecutor-9-thread-1) [   x:myexample] o.a.s.s.DirectSolrSpellChecker init: {name=default,field=_text_,classname=solr.DirectSolrSpellChecker,distanceMeasure=internal,accuracy=0.5,maxEdits=2,minPrefix=1,maxInspections=5,minQueryLength=4,maxQueryFrequency=0.01}
2022-04-13 01:09:59.348 INFO  (coreLoadExecutor-9-thread-1) [   x:myexample] o.a.s.h.ReplicationHandler Commits will be reserved for 10000ms.
2022-04-13 01:09:59.386 INFO  (searcherExecutor-10-thread-1-processing-x:myexample) [   x:myexample] o.a.s.s.ExternalFileFieldReloader Adding ExternalFileFieldReloader listener for field pageRankFile
2022-04-13 01:09:59.388 INFO  (searcherExecutor-10-thread-1-processing-x:myexample) [   x:myexample] o.a.s.s.f.FileFloatSource Refreshing FileFloatSource cache for field pageRankFile
2022-04-13 01:09:59.874 INFO  (searcherExecutor-10-thread-1-processing-x:myexample) [   x:myexample] o.a.s.s.f.FileFloatSource Loaded external value source external_pageRankFile
2022-04-13 01:09:59.879 INFO  (searcherExecutor-10-thread-1-processing-x:myexample) [   x:myexample] o.a.s.s.f.FileFloatSource FileFloatSource cache for field pageRankFile reloaded
2022-04-13 01:09:59.881 INFO  (searcherExecutor-10-thread-1-processing-x:myexample) [   x:myexample] o.a.s.c.QuerySenderListener QuerySenderListener sending requests to Searcher@18dd89ce[myexample] main{ExitableDirectoryReader(UninvertingDirectoryReader(Uninverting(_d(7.7.3):C1255:[diagnostics={os=Mac OS X, java.vendor=Oracle Corporation, java.version=1.8.0_321, java.vm.version=25.321-b07, lucene.version=7.7.3, mergeMaxNumSegments=-1, os.arch=x86_64, java.runtime.version=1.8.0_321-b07, source=merge, mergeFactor=10, os.version=12.0.1, timestamp=1649668926242}]:[attributes={Lucene50StoredFieldsFormat.mode=BEST_SPEED}]) Uninverting(_q(7.7.3):C4352:[diagnostics={os=Mac OS X, java.vendor=Oracle Corporation, java.version=1.8.0_321, java.vm.version=25.321-b07, lucene.version=7.7.3, mergeMaxNumSegments=-1, os.arch=x86_64, java.runtime.version=1.8.0_321-b07, source=merge, mergeFactor=10, os.version=12.0.1, timestamp=1649669016049}]:[attributes={Lucene50StoredFieldsFormat.mode=BEST_SPEED}]) Uninverting(_13(7.7.3):c137:[diagnostics={os=Mac OS X, java.vendor=Oracle Corporation, java.version=1.8.0_321, java.vm.version=25.321-b07, lucene.version=7.7.3, mergeMaxNumSegments=-1, os.arch=x86_64, java.runtime.version=1.8.0_321-b07, source=merge, mergeFactor=10, os.version=12.0.1, timestamp=1649669106265}]:[attributes={Lucene50StoredFieldsFormat.mode=BEST_SPEED}]) Uninverting(_1f(7.7.3):C5809:[diagnostics={os=Mac OS X, java.vendor=Oracle Corporation, java.version=1.8.0_321, java.vm.version=25.321-b07, lucene.version=7.7.3, mergeMaxNumSegments=-1, os.arch=x86_64, java.runtime.version=1.8.0_321-b07, source=merge, mergeFactor=10, os.version=12.0.1, timestamp=1649669196402}]:[attributes={Lucene50StoredFieldsFormat.mode=BEST_SPEED}]) Uninverting(_u(7.7.3):C496:[diagnostics={java.runtime.version=1.8.0_321-b07, java.vendor=Oracle Corporation, java.version=1.8.0_321, java.vm.version=25.321-b07, lucene.version=7.7.3, os=Mac OS X, os.arch=x86_64, os.version=12.0.1, source=flush, timestamp=1649669061154}]:[attributes={Lucene50StoredFieldsFormat.mode=BEST_SPEED}]) Uninverting(_14(7.7.3):C18:[diagnostics={java.runtime.version=1.8.0_321-b07, java.vendor=Oracle Corporation, java.version=1.8.0_321, java.vm.version=25.321-b07, lucene.version=7.7.3, os=Mac OS X, os.arch=x86_64, os.version=12.0.1, source=flush, timestamp=1649669121714}]:[attributes={Lucene50StoredFieldsFormat.mode=BEST_SPEED}]) Uninverting(_1r(7.7.3):c143:[diagnostics={os=Mac OS X, java.vendor=Oracle Corporation, java.version=1.8.0_321, java.vm.version=25.321-b07, lucene.version=7.7.3, mergeMaxNumSegments=-1, os.arch=x86_64, java.runtime.version=1.8.0_321-b07, source=merge, mergeFactor=10, os.version=12.0.1, timestamp=1649669271637}]:[attributes={Lucene50StoredFieldsFormat.mode=BEST_SPEED}]) Uninverting(_1d(7.7.3):C621:[diagnostics={java.runtime.version=1.8.0_321-b07, java.vendor=Oracle Corporation, java.version=1.8.0_321, java.vm.version=25.321-b07, lucene.version=7.7.3, os=Mac OS X, os.arch=x86_64, os.version=12.0.1, source=flush, timestamp=1649669196369}]:[attributes={Lucene50StoredFieldsFormat.mode=BEST_SPEED}]) Uninverting(_21(7.7.3):C6045:[diagnostics={os=Mac OS X, java.vendor=Oracle Corporation, java.version=1.8.0_321, java.vm.version=25.321-b07, lucene.version=7.7.3, mergeMaxNumSegments=-1, os.arch=x86_64, java.runtime.version=1.8.0_321-b07, source=merge, mergeFactor=10, os.version=12.0.1, timestamp=1649669346779}]:[attributes={Lucene50StoredFieldsFormat.mode=BEST_SPEED}]) Uninverting(_1s(7.7.3):C13:[diagnostics={java.runtime.version=1.8.0_321-b07, java.vendor=Oracle Corporation, java.version=1.8.0_321, java.vm.version=25.321-b07, lucene.version=7.7.3, os=Mac OS X, os.arch=x86_64, os.version=12.0.1, source=flush, timestamp=1649669286713}]:[attributes={Lucene50StoredFieldsFormat.mode=BEST_SPEED}]) Uninverting(_1u(7.7.3):C13:[diagnostics={java.runtime.version=1.8.0_321-b07, java.vendor=Oracle Corporation, java.version=1.8.0_321, java.vm.version=25.321-b07, lucene.version=7.7.3, os=Mac OS X, os.arch=x86_64, os.version=12.0.1, source=flush, timestamp=1649669301669}]:[attributes={Lucene50StoredFieldsFormat.mode=BEST_SPEED}]) Uninverting(_1w(7.7.3):C14:[diagnostics={java.runtime.version=1.8.0_321-b07, java.vendor=Oracle Corporation, java.version=1.8.0_321, java.vm.version=25.321-b07, lucene.version=7.7.3, os=Mac OS X, os.arch=x86_64, os.version=12.0.1, source=flush, timestamp=1649669316653}]:[attributes={Lucene50StoredFieldsFormat.mode=BEST_SPEED}]) Uninverting(_1y(7.7.3):C15:[diagnostics={java.runtime.version=1.8.0_321-b07, java.vendor=Oracle Corporation, java.version=1.8.0_321, java.vm.version=25.321-b07, lucene.version=7.7.3, os=Mac OS X, os.arch=x86_64, os.version=12.0.1, source=flush, timestamp=1649669331994}]:[attributes={Lucene50StoredFieldsFormat.mode=BEST_SPEED}]) Uninverting(_20(7.7.3):C15:[diagnostics={java.runtime.version=1.8.0_321-b07, java.vendor=Oracle Corporation, java.version=1.8.0_321, java.vm.version=25.321-b07, lucene.version=7.7.3, os=Mac OS X, os.arch=x86_64, os.version=12.0.1, source=flush, timestamp=1649669346873}]:[attributes={Lucene50StoredFieldsFormat.mode=BEST_SPEED}]) Uninverting(_22(7.7.3):C247:[diagnostics={java.runtime.version=1.8.0_321-b07, java.vendor=Oracle Corporation, java.version=1.8.0_321, java.vm.version=25.321-b07, lucene.version=7.7.3, os=Mac OS X, os.arch=x86_64, os.version=12.0.1, source=flush, timestamp=1649669354112}]:[attributes={Lucene50StoredFieldsFormat.mode=BEST_SPEED}])))}
2022-04-13 01:09:59.882 INFO  (searcherExecutor-10-thread-1-processing-x:myexample) [   x:myexample] o.a.s.c.QuerySenderListener QuerySenderListener done.
2022-04-13 01:09:59.882 INFO  (searcherExecutor-10-thread-1-processing-x:myexample) [   x:myexample] o.a.s.h.c.SpellCheckComponent Loading spell index for spellchecker: default
2022-04-13 01:09:59.913 INFO  (searcherExecutor-10-thread-1-processing-x:myexample) [   x:myexample] o.a.s.c.SolrCore [myexample] Registered new searcher Searcher@18dd89ce[myexample] main{ExitableDirectoryReader(UninvertingDirectoryReader(Uninverting(_d(7.7.3):C1255:[diagnostics={os=Mac OS X, java.vendor=Oracle Corporation, java.version=1.8.0_321, java.vm.version=25.321-b07, lucene.version=7.7.3, mergeMaxNumSegments=-1, os.arch=x86_64, java.runtime.version=1.8.0_321-b07, source=merge, mergeFactor=10, os.version=12.0.1, timestamp=1649668926242}]:[attributes={Lucene50StoredFieldsFormat.mode=BEST_SPEED}]) Uninverting(_q(7.7.3):C4352:[diagnostics={os=Mac OS X, java.vendor=Oracle Corporation, java.version=1.8.0_321, java.vm.version=25.321-b07, lucene.version=7.7.3, mergeMaxNumSegments=-1, os.arch=x86_64, java.runtime.version=1.8.0_321-b07, source=merge, mergeFactor=10, os.version=12.0.1, timestamp=1649669016049}]:[attributes={Lucene50StoredFieldsFormat.mode=BEST_SPEED}]) Uninverting(_13(7.7.3):c137:[diagnostics={os=Mac OS X, java.vendor=Oracle Corporation, java.version=1.8.0_321, java.vm.version=25.321-b07, lucene.version=7.7.3, mergeMaxNumSegments=-1, os.arch=x86_64, java.runtime.version=1.8.0_321-b07, source=merge, mergeFactor=10, os.version=12.0.1, timestamp=1649669106265}]:[attributes={Lucene50StoredFieldsFormat.mode=BEST_SPEED}]) Uninverting(_1f(7.7.3):C5809:[diagnostics={os=Mac OS X, java.vendor=Oracle Corporation, java.version=1.8.0_321, java.vm.version=25.321-b07, lucene.version=7.7.3, mergeMaxNumSegments=-1, os.arch=x86_64, java.runtime.version=1.8.0_321-b07, source=merge, mergeFactor=10, os.version=12.0.1, timestamp=1649669196402}]:[attributes={Lucene50StoredFieldsFormat.mode=BEST_SPEED}]) Uninverting(_u(7.7.3):C496:[diagnostics={java.runtime.version=1.8.0_321-b07, java.vendor=Oracle Corporation, java.version=1.8.0_321, java.vm.version=25.321-b07, lucene.version=7.7.3, os=Mac OS X, os.arch=x86_64, os.version=12.0.1, source=flush, timestamp=1649669061154}]:[attributes={Lucene50StoredFieldsFormat.mode=BEST_SPEED}]) Uninverting(_14(7.7.3):C18:[diagnostics={java.runtime.version=1.8.0_321-b07, java.vendor=Oracle Corporation, java.version=1.8.0_321, java.vm.version=25.321-b07, lucene.version=7.7.3, os=Mac OS X, os.arch=x86_64, os.version=12.0.1, source=flush, timestamp=1649669121714}]:[attributes={Lucene50StoredFieldsFormat.mode=BEST_SPEED}]) Uninverting(_1r(7.7.3):c143:[diagnostics={os=Mac OS X, java.vendor=Oracle Corporation, java.version=1.8.0_321, java.vm.version=25.321-b07, lucene.version=7.7.3, mergeMaxNumSegments=-1, os.arch=x86_64, java.runtime.version=1.8.0_321-b07, source=merge, mergeFactor=10, os.version=12.0.1, timestamp=1649669271637}]:[attributes={Lucene50StoredFieldsFormat.mode=BEST_SPEED}]) Uninverting(_1d(7.7.3):C621:[diagnostics={java.runtime.version=1.8.0_321-b07, java.vendor=Oracle Corporation, java.version=1.8.0_321, java.vm.version=25.321-b07, lucene.version=7.7.3, os=Mac OS X, os.arch=x86_64, os.version=12.0.1, source=flush, timestamp=1649669196369}]:[attributes={Lucene50StoredFieldsFormat.mode=BEST_SPEED}]) Uninverting(_21(7.7.3):C6045:[diagnostics={os=Mac OS X, java.vendor=Oracle Corporation, java.version=1.8.0_321, java.vm.version=25.321-b07, lucene.version=7.7.3, mergeMaxNumSegments=-1, os.arch=x86_64, java.runtime.version=1.8.0_321-b07, source=merge, mergeFactor=10, os.version=12.0.1, timestamp=1649669346779}]:[attributes={Lucene50StoredFieldsFormat.mode=BEST_SPEED}]) Uninverting(_1s(7.7.3):C13:[diagnostics={java.runtime.version=1.8.0_321-b07, java.vendor=Oracle Corporation, java.version=1.8.0_321, java.vm.version=25.321-b07, lucene.version=7.7.3, os=Mac OS X, os.arch=x86_64, os.version=12.0.1, source=flush, timestamp=1649669286713}]:[attributes={Lucene50StoredFieldsFormat.mode=BEST_SPEED}]) Uninverting(_1u(7.7.3):C13:[diagnostics={java.runtime.version=1.8.0_321-b07, java.vendor=Oracle Corporation, java.version=1.8.0_321, java.vm.version=25.321-b07, lucene.version=7.7.3, os=Mac OS X, os.arch=x86_64, os.version=12.0.1, source=flush, timestamp=1649669301669}]:[attributes={Lucene50StoredFieldsFormat.mode=BEST_SPEED}]) Uninverting(_1w(7.7.3):C14:[diagnostics={java.runtime.version=1.8.0_321-b07, java.vendor=Oracle Corporation, java.version=1.8.0_321, java.vm.version=25.321-b07, lucene.version=7.7.3, os=Mac OS X, os.arch=x86_64, os.version=12.0.1, source=flush, timestamp=1649669316653}]:[attributes={Lucene50StoredFieldsFormat.mode=BEST_SPEED}]) Uninverting(_1y(7.7.3):C15:[diagnostics={java.runtime.version=1.8.0_321-b07, java.vendor=Oracle Corporation, java.version=1.8.0_321, java.vm.version=25.321-b07, lucene.version=7.7.3, os=Mac OS X, os.arch=x86_64, os.version=12.0.1, source=flush, timestamp=1649669331994}]:[attributes={Lucene50StoredFieldsFormat.mode=BEST_SPEED}]) Uninverting(_20(7.7.3):C15:[diagnostics={java.runtime.version=1.8.0_321-b07, java.vendor=Oracle Corporation, java.version=1.8.0_321, java.vm.version=25.321-b07, lucene.version=7.7.3, os=Mac OS X, os.arch=x86_64, os.version=12.0.1, source=flush, timestamp=1649669346873}]:[attributes={Lucene50StoredFieldsFormat.mode=BEST_SPEED}]) Uninverting(_22(7.7.3):C247:[diagnostics={java.runtime.version=1.8.0_321-b07, java.vendor=Oracle Corporation, java.version=1.8.0_321, java.vm.version=25.321-b07, lucene.version=7.7.3, os=Mac OS X, os.arch=x86_64, os.version=12.0.1, source=flush, timestamp=1649669354112}]:[attributes={Lucene50StoredFieldsFormat.mode=BEST_SPEED}])))}
2022-04-13 01:10:06.735 INFO  (qtp572593338-17) [   ] o.a.s.s.HttpSolrCall [admin] webapp=null path=/admin/cores params={indexInfo=false&wt=json&_=1649812206487} status=0 QTime=16
2022-04-13 01:10:06.856 INFO  (qtp572593338-21) [   ] o.a.s.s.HttpSolrCall [admin] webapp=null path=/admin/info/system params={wt=json&_=1649812206488} status=0 QTime=137
2022-04-13 01:10:14.185 INFO  (qtp572593338-14) [   x:myexample] o.a.s.c.S.Request [myexample]  webapp=/solr path=/select params={q=usc&json.nl=map&start=0&rows=10&wt=json} hits=2606 status=0 QTime=89
2022-04-13 01:10:17.174 INFO  (qtp572593338-20) [   x:myexample] o.a.s.c.S.Request [myexample]  webapp=/solr path=/select params={q=usc&json.nl=map&start=0&rows=10&wt=json} hits=2606 status=0 QTime=3
2022-04-13 01:10:37.444 INFO  (qtp572593338-22) [   x:myexample] o.a.s.c.S.Request [myexample]  webapp=/solr path=/select params={q=Senate&json.nl=map&start=0&rows=10&wt=json} hits=1974 status=0 QTime=29
2022-04-13 01:11:16.162 INFO  (qtp572593338-19) [   x:myexample] o.a.s.c.S.Request [myexample]  webapp=/solr path=/select params={q=Senate&json.nl=map&start=0&sort=pageRankFile+desc&rows=10&wt=json} hits=1974 status=0 QTime=32
2022-04-13 01:14:22.074 INFO  (qtp572593338-20) [   x:myexample] o.a.s.c.S.Request [myexample]  webapp=/solr path=/select params={q=Cannes&json.nl=map&start=0&rows=10&wt=json} hits=144 status=0 QTime=30
2022-04-13 01:16:59.725 INFO  (qtp572593338-41) [   x:myexample] o.a.s.c.S.Request [myexample]  webapp=/solr path=/select params={q=Cannes&json.nl=map&start=0&sort=pageRankFile+desc&rows=10&wt=json} hits=144 status=0 QTime=6
2022-04-13 01:21:00.893 INFO  (qtp572593338-17) [   x:myexample] o.a.s.c.S.Request [myexample]  webapp=/solr path=/select params={q=Congress&json.nl=map&start=0&rows=10&wt=json} hits=1706 status=0 QTime=17
2022-04-13 01:22:13.940 INFO  (qtp572593338-14) [   x:myexample] o.a.s.c.S.Request [myexample]  webapp=/solr path=/select params={q=Congress&json.nl=map&start=0&sort=pageRankFile+desc&rows=10&wt=json} hits=1706 status=0 QTime=10
2022-04-13 01:23:30.930 INFO  (qtp572593338-21) [   x:myexample] o.a.s.c.S.Request [myexample]  webapp=/solr path=/select params={q=Democrats&json.nl=map&start=0&rows=10&wt=json} hits=1900 status=0 QTime=15
2022-04-13 01:24:43.871 INFO  (qtp572593338-16) [   x:myexample] o.a.s.c.S.Request [myexample]  webapp=/solr path=/select params={q=Democrats&json.nl=map&start=0&sort=pageRankFile+desc&rows=10&wt=json} hits=1900 status=0 QTime=17
2022-04-13 01:26:29.621 INFO  (qtp572593338-23) [   x:myexample] o.a.s.c.S.Request [myexample]  webapp=/solr path=/select params={q=Patriot+Movement&json.nl=map&start=0&rows=10&wt=json} hits=1257 status=0 QTime=61
2022-04-13 01:27:33.360 INFO  (qtp572593338-41) [   x:myexample] o.a.s.c.S.Request [myexample]  webapp=/solr path=/select params={q=Patriot+Movement&json.nl=map&start=0&sort=pageRankFile+desc&rows=10&wt=json} hits=1257 status=0 QTime=14
2022-04-13 01:29:08.354 INFO  (qtp572593338-21) [   x:myexample] o.a.s.c.S.Request [myexample]  webapp=/solr path=/select params={q=Republicans&json.nl=map&start=0&rows=10&wt=json} hits=1624 status=0 QTime=15
2022-04-13 01:30:21.959 INFO  (qtp572593338-15) [   x:myexample] o.a.s.c.S.Request [myexample]  webapp=/solr path=/select params={q=Republicans&json.nl=map&start=0&sort=pageRankFile+desc&rows=10&wt=json} hits=1624 status=0 QTime=14
2022-04-13 01:31:26.067 INFO  (qtp572593338-19) [   x:myexample] o.a.s.c.S.Request [myexample]  webapp=/solr path=/select params={q=Senate&json.nl=map&start=0&rows=10&wt=json} hits=1974 status=0 QTime=5
2022-04-13 01:32:53.232 INFO  (qtp572593338-14) [   x:myexample] o.a.s.c.S.Request [myexample]  webapp=/solr path=/select params={q=Senate&json.nl=map&start=0&sort=pageRankFile+desc&rows=10&wt=json} hits=1974 status=0 QTime=3
2022-04-13 01:34:38.965 INFO  (qtp572593338-21) [   x:myexample] o.a.s.c.S.Request [myexample]  webapp=/solr path=/select params={q=Olympics+2020&json.nl=map&start=0&rows=10&wt=json} hits=3512 status=0 QTime=46
2022-04-13 01:36:37.684 INFO  (qtp572593338-15) [   x:myexample] o.a.s.c.S.Request [myexample]  webapp=/solr path=/select params={q=Olympics+2020&json.nl=map&start=0&sort=pageRankFile+desc&rows=10&wt=json} hits=3512 status=0 QTime=16
2022-04-13 01:38:32.580 INFO  (qtp572593338-23) [   x:myexample] o.a.s.c.S.Request [myexample]  webapp=/solr path=/select params={q=Stock&json.nl=map&start=0&rows=10&wt=json} hits=1644 status=0 QTime=11
2022-04-13 01:40:09.971 INFO  (qtp572593338-41) [   x:myexample] o.a.s.c.S.Request [myexample]  webapp=/solr path=/select params={q=Stock&json.nl=map&start=0&sort=pageRankFile+desc&rows=10&wt=json} hits=1644 status=0 QTime=7
2022-04-13 01:42:01.015 INFO  (qtp572593338-17) [   x:myexample] o.a.s.c.S.Request [myexample]  webapp=/solr path=/select params={q=Virus&json.nl=map&start=0&rows=10&wt=json} hits=242 status=0 QTime=12
2022-04-13 01:43:12.467 INFO  (qtp572593338-20) [   x:myexample] o.a.s.c.S.Request [myexample]  webapp=/solr path=/select params={q=Virus&json.nl=map&start=0&sort=pageRankFile+desc&rows=10&wt=json} hits=242 status=0 QTime=4
2022-04-13 05:00:29.431 INFO  (qtp572593338-19) [   x:myexample] o.a.s.c.S.Request [myexample]  webapp=/solr path=/select params={q=Virus&json.nl=map&start=0&rows=10&wt=json} hits=242 status=0 QTime=16
2022-05-01 10:56:58.652 INFO  (qtp572593338-15) [   ] o.a.s.s.HttpSolrCall [admin] webapp=null path=/admin/cores params={indexInfo=false&wt=json&_=1651402618237} status=0 QTime=45
2022-05-01 10:56:58.767 INFO  (qtp572593338-16) [   ] o.a.s.s.HttpSolrCall [admin] webapp=null path=/admin/info/system params={wt=json&_=1651402618238} status=0 QTime=169
2022-05-01 10:57:20.795 INFO  (qtp572593338-20) [   x:myexample] o.a.s.c.S.Request [myexample]  webapp=/solr path=/select params={q=*:*&_=1651402618556} hits=19193 status=0 QTime=62
2022-05-01 11:00:40.392 INFO  (qtp572593338-21) [   x:myexample] o.a.s.c.S.Request [myexample]  webapp=/solr path=/select params={q=Cannes&json.nl=map&start=0&rows=10&wt=json} hits=144 status=0 QTime=16
2022-05-04 03:47:12.121 INFO  (qtp572593338-48) [   x:myexample] o.a.s.c.S.Request [myexample]  webapp=/solr path=/select params={q=usc&json.nl=map&start=0&rows=10&wt=json} hits=2606 status=0 QTime=31
2022-05-04 03:47:58.977 INFO  (qtp572593338-20) [   x:myexample] o.a.s.c.S.Request [myexample]  webapp=/solr path=/select params={q=usc&json.nl=map&start=0&rows=10&wt=json} hits=2606 status=0 QTime=6
2022-05-04 03:48:03.106 INFO  (qtp572593338-23) [   x:myexample] o.a.s.c.S.Request [myexample]  webapp=/solr path=/select params={q=usc&json.nl=map&start=0&sort=pageRankFile+desc&rows=10&wt=json} hits=2606 status=0 QTime=52
2022-05-04 03:49:08.684 INFO  (qtp572593338-14) [   x:myexample] o.a.s.c.S.Request [myexample]  webapp=/solr path=/select params={q=usc&json.nl=map&start=0&sort=pageRankFile+desc&rows=10&wt=json} hits=2606 status=0 QTime=2
2022-05-04 03:49:10.088 INFO  (qtp572593338-43) [   x:myexample] o.a.s.c.S.Request [myexample]  webapp=/solr path=/select params={q=usc&json.nl=map&start=0&sort=pageRankFile+desc&rows=10&wt=json} hits=2606 status=0 QTime=2
2022-05-04 03:49:16.267 INFO  (qtp572593338-19) [   x:myexample] o.a.s.c.S.Request [myexample]  webapp=/solr path=/select params={q=usc&json.nl=map&start=0&rows=10&wt=json} hits=2606 status=0 QTime=1
2022-05-04 03:49:20.712 INFO  (qtp572593338-23) [   x:myexample] o.a.s.c.S.Request [myexample]  webapp=/solr path=/select params={q=usc&json.nl=map&start=0&rows=10&wt=json} hits=2606 status=0 QTime=5
2022-05-04 03:49:25.161 INFO  (qtp572593338-41) [   x:myexample] o.a.s.c.S.Request [myexample]  webapp=/solr path=/select params={q=usc&json.nl=map&start=0&sort=pageRankFile+desc&rows=10&wt=json} hits=2606 status=0 QTime=1
2022-05-04 03:56:28.205 INFO  (qtp572593338-48) [   x:myexample] o.a.s.c.S.Request [myexample]  webapp=/solr path=/select params={q=Hello&json.nl=map&start=0&rows=10&wt=json} hits=222 status=0 QTime=24
2022-05-04 03:58:30.062 INFO  (qtp572593338-19) [   x:myexample] o.a.s.c.S.Request [myexample]  webapp=/solr path=/select params={q=Hello&json.nl=map&start=0&rows=10&wt=json} hits=222 status=0 QTime=2
2022-05-04 03:58:32.677 INFO  (qtp572593338-14) [   x:myexample] o.a.s.c.S.Request [myexample]  webapp=/solr path=/select params={q=Hello&json.nl=map&start=0&rows=10&wt=json} hits=222 status=0 QTime=2
2022-05-04 03:58:38.266 INFO  (qtp572593338-23) [   x:myexample] o.a.s.c.S.Request [myexample]  webapp=/solr path=/select params={q=Helloi&json.nl=map&start=0&rows=10&wt=json} hits=0 status=0 QTime=13
2022-05-04 04:01:39.463 INFO  (qtp572593338-19) [   x:myexample] o.a.s.c.S.Request [myexample]  webapp=/solr path=/select params={q=Helloi&json.nl=map&start=0&rows=10&wt=json} hits=0 status=0 QTime=9
2022-05-04 04:02:05.101 INFO  (qtp572593338-43) [   x:myexample] o.a.s.c.S.Request [myexample]  webapp=/solr path=/select params={q=Helloii&json.nl=map&start=0&rows=10&wt=json} hits=0 status=0 QTime=16
2022-05-04 04:02:06.437 INFO  (qtp572593338-48) [   x:myexample] o.a.s.c.S.Request [myexample]  webapp=/solr path=/select params={q=Helloii&json.nl=map&start=0&rows=10&wt=json} hits=0 status=0 QTime=7
2022-05-04 04:02:07.591 INFO  (qtp572593338-41) [   x:myexample] o.a.s.c.S.Request [myexample]  webapp=/solr path=/select params={q=Helloii&json.nl=map&start=0&rows=10&wt=json} hits=0 status=0 QTime=4
2022-05-04 04:02:11.097 INFO  (qtp572593338-50) [   x:myexample] o.a.s.c.S.Request [myexample]  webapp=/solr path=/select params={q=Helloii&json.nl=map&start=0&rows=10&wt=json} hits=0 status=0 QTime=3
2022-05-04 04:02:12.780 INFO  (qtp572593338-14) [   x:myexample] o.a.s.c.S.Request [myexample]  webapp=/solr path=/select params={q=Helloii&json.nl=map&start=0&sort=pageRankFile+desc&rows=10&wt=json} hits=0 status=0 QTime=12
2022-05-04 04:10:05.440 INFO  (qtp572593338-19) [   x:myexample] o.a.s.c.S.Request [myexample]  webapp=/solr path=/select params={q=Helloii&json.nl=map&start=0&sort=pageRankFile+desc&rows=10&wt=json} hits=0 status=0 QTime=8
2022-05-04 04:10:10.546 INFO  (qtp572593338-48) [   x:myexample] o.a.s.c.S.Request [myexample]  webapp=/solr path=/select params={q=Helloii&json.nl=map&start=0&sort=pageRankFile+desc&rows=10&wt=json} hits=0 status=0 QTime=10
2022-05-04 04:13:09.949 INFO  (qtp572593338-50) [   x:myexample] o.a.s.c.S.Request [myexample]  webapp=/solr path=/select params={q=h&json.nl=map&start=0&rows=10&wt=json} hits=824 status=0 QTime=22
2022-05-04 04:13:10.875 INFO  (qtp572593338-23) [   x:myexample] o.a.s.c.S.Request [myexample]  webapp=/solr path=/select params={q=he&json.nl=map&start=0&rows=10&wt=json} hits=14709 status=0 QTime=8
2022-05-04 04:13:11.442 INFO  (qtp572593338-43) [   x:myexample] o.a.s.c.S.Request [myexample]  webapp=/solr path=/select params={q=hell&json.nl=map&start=0&rows=10&wt=json} hits=483 status=0 QTime=7
2022-05-04 04:13:12.309 INFO  (qtp572593338-20) [   x:myexample] o.a.s.c.S.Request [myexample]  webapp=/solr path=/select params={q=hello&json.nl=map&start=0&rows=10&wt=json} hits=222 status=0 QTime=1
2022-05-04 04:13:13.648 INFO  (qtp572593338-41) [   x:myexample] o.a.s.c.S.Request [myexample]  webapp=/solr path=/select params={q=helloi&json.nl=map&start=0&rows=10&wt=json} hits=0 status=0 QTime=3
2022-05-04 04:13:14.712 INFO  (qtp572593338-50) [   x:myexample] o.a.s.c.S.Request [myexample]  webapp=/solr path=/select params={q=helloi&json.nl=map&start=0&rows=10&wt=json} hits=0 status=0 QTime=4
2022-05-04 04:13:19.248 INFO  (qtp572593338-43) [   x:myexample] o.a.s.c.S.Request [myexample]  webapp=/solr path=/select params={q=helloi&json.nl=map&start=0&rows=10&wt=json} hits=0 status=0 QTime=3
2022-05-04 04:19:23.970 INFO  (qtp572593338-43) [   x:myexample] o.a.s.c.S.Request [myexample]  webapp=/solr path=/select params={q=helloi&json.nl=map&start=0&rows=10&wt=json} hits=0 status=0 QTime=7
2022-05-04 04:19:31.359 INFO  (qtp572593338-20) [   x:myexample] o.a.s.c.S.Request [myexample]  webapp=/solr path=/select params={q=hei&json.nl=map&start=0&rows=10&wt=json} hits=3 status=0 QTime=23
2022-05-04 04:19:31.914 INFO  (qtp572593338-41) [   x:myexample] o.a.s.c.S.Request [myexample]  webapp=/solr path=/select params={q=i&json.nl=map&start=0&rows=10&wt=json} hits=10543 status=0 QTime=13
2022-05-04 04:19:37.838 INFO  (qtp572593338-50) [   x:myexample] o.a.s.c.S.Request [myexample]  webapp=/solr path=/select params={q=hellooo&json.nl=map&start=0&rows=10&wt=json} hits=0 status=0 QTime=3
2022-05-04 04:19:39.864 INFO  (qtp572593338-23) [   x:myexample] o.a.s.c.S.Request [myexample]  webapp=/solr path=/select params={q=hellooo&json.nl=map&start=0&rows=10&wt=json} hits=0 status=0 QTime=1
2022-05-04 04:21:51.783 INFO  (qtp572593338-14) [   x:myexample] o.a.s.c.S.Request [myexample]  webapp=/solr path=/select params={q=hellooo&json.nl=map&start=0&rows=10&wt=json} hits=0 status=0 QTime=7
2022-05-04 04:21:59.189 INFO  (qtp572593338-20) [   x:myexample] o.a.s.c.S.Request [myexample]  webapp=/solr path=/select params={q=he&json.nl=map&start=0&rows=10&wt=json} hits=14709 status=0 QTime=0
2022-05-04 04:22:00.571 INFO  (qtp572593338-41) [   x:myexample] o.a.s.c.S.Request [myexample]  webapp=/solr path=/select params={q=hekk&json.nl=map&start=0&rows=10&wt=json} hits=0 status=0 QTime=4
2022-05-04 04:22:11.574 INFO  (qtp572593338-50) [   x:myexample] o.a.s.c.S.Request [myexample]  webapp=/solr path=/select params={q=hekk&json.nl=map&start=0&rows=10&wt=json} hits=0 status=0 QTime=4
2022-05-04 04:23:50.179 INFO  (qtp572593338-19) [   x:myexample] o.a.s.c.S.Request [myexample]  webapp=/solr path=/select params={q=hekk&json.nl=map&start=0&rows=10&wt=json} hits=0 status=0 QTime=2
2022-05-04 04:23:58.410 INFO  (qtp572593338-47) [   x:myexample] o.a.s.c.S.Request [myexample]  webapp=/solr path=/select params={q=h&json.nl=map&start=0&rows=10&wt=json} hits=824 status=0 QTime=4
2022-05-04 04:23:58.781 INFO  (qtp572593338-20) [   x:myexample] o.a.s.c.S.Request [myexample]  webapp=/solr path=/select params={q=he&json.nl=map&start=0&rows=10&wt=json} hits=14709 status=0 QTime=3
2022-05-04 04:23:59.178 INFO  (qtp572593338-41) [   x:myexample] o.a.s.c.S.Request [myexample]  webapp=/solr path=/select params={q=hel&json.nl=map&start=0&rows=10&wt=json} hits=3 status=0 QTime=9
2022-05-04 04:24:00.345 INFO  (qtp572593338-23) [   x:myexample] o.a.s.c.S.Request [myexample]  webapp=/solr path=/select params={q=hello&json.nl=map&start=0&rows=10&wt=json} hits=222 status=0 QTime=1
2022-05-04 04:24:05.922 INFO  (qtp572593338-19) [   x:myexample] o.a.s.c.S.Request [myexample]  webapp=/solr path=/select params={q=helloa&json.nl=map&start=0&rows=10&wt=json} hits=0 status=0 QTime=4
2022-05-04 04:24:06.757 INFO  (qtp572593338-47) [   x:myexample] o.a.s.c.S.Request [myexample]  webapp=/solr path=/select params={q=helloaa&json.nl=map&start=0&rows=10&wt=json} hits=0 status=0 QTime=2
2022-05-04 04:26:09.774 INFO  (qtp572593338-50) [   x:myexample] o.a.s.c.S.Request [myexample]  webapp=/solr path=/select params={q=he&json.nl=map&start=0&rows=10&wt=json} hits=14709 status=0 QTime=4
2022-05-04 04:26:10.327 INFO  (qtp572593338-41) [   x:myexample] o.a.s.c.S.Request [myexample]  webapp=/solr path=/select params={q=hell&json.nl=map&start=0&rows=10&wt=json} hits=483 status=0 QTime=2
2022-05-04 04:26:12.738 INFO  (qtp572593338-23) [   x:myexample] o.a.s.c.S.Request [myexample]  webapp=/solr path=/select params={q=hell&json.nl=map&start=0&rows=10&wt=json} hits=483 status=0 QTime=1
2022-05-04 04:29:25.547 INFO  (qtp572593338-43) [   x:myexample] o.a.s.c.S.Request [myexample]  webapp=/solr path=/select params={q=h&json.nl=map&start=0&rows=10&wt=json} hits=824 status=0 QTime=4
2022-05-04 04:29:26.626 INFO  (qtp572593338-20) [   x:myexample] o.a.s.c.S.Request [myexample]  webapp=/solr path=/select params={q=hyy&json.nl=map&start=0&rows=10&wt=json} hits=0 status=0 QTime=14
2022-05-04 04:29:28.493 INFO  (qtp572593338-48) [   x:myexample] o.a.s.c.S.Request [myexample]  webapp=/solr path=/select params={q=hyyi&json.nl=map&start=0&rows=10&wt=json} hits=0 status=0 QTime=3
2022-05-04 04:29:28.994 INFO  (qtp572593338-41) [   x:myexample] o.a.s.c.S.Request [myexample]  webapp=/solr path=/select params={q=hyyi&json.nl=map&start=0&rows=10&wt=json} hits=0 status=0 QTime=1
2022-05-04 04:29:34.322 INFO  (qtp572593338-19) [   x:myexample] o.a.s.c.S.Request [myexample]  webapp=/solr path=/select params={q=hyyi&json.nl=map&start=0&rows=10&wt=json} hits=0 status=0 QTime=1
2022-05-04 04:31:20.386 INFO  (qtp572593338-50) [   x:myexample] o.a.s.c.S.Request [myexample]  webapp=/solr path=/select params={q=hyyi&json.nl=map&start=0&rows=10&wt=json} hits=0 status=0 QTime=2
2022-05-04 04:32:17.340 INFO  (qtp572593338-19) [   ] o.a.s.s.HttpSolrCall [admin] webapp=null path=/admin/cores params={indexInfo=false&wt=json&_=1651638736936} status=0 QTime=5
2022-05-04 04:32:17.417 INFO  (qtp572593338-41) [   ] o.a.s.s.HttpSolrCall [admin] webapp=null path=/admin/info/system params={wt=json&_=1651638736936} status=0 QTime=83
2022-05-04 04:33:01.935 INFO  (qtp572593338-50) [   x:myexample] o.a.s.c.S.Request [myexample]  webapp=/solr path=/select params={q=abcd&json.nl=map&start=0&rows=10&wt=json} hits=12 status=0 QTime=21
2022-05-04 04:33:25.308 INFO  (qtp572593338-14) [   x:myexample] o.a.s.c.S.Request [myexample]  webapp=/solr path=/select params={q=hello&json.nl=map&start=0&rows=10&wt=json} hits=222 status=0 QTime=11
2022-05-04 04:33:28.525 INFO  (qtp572593338-20) [   x:myexample] o.a.s.c.S.Request [myexample]  webapp=/solr path=/select params={q=hello&json.nl=map&start=0&sort=pageRankFile+desc&rows=10&wt=json} hits=222 status=0 QTime=17
2022-05-04 04:33:57.655 INFO  (qtp572593338-48) [   x:myexample] o.a.s.c.S.Request [myexample]  webapp=/solr path=/select params={q=hello&json.nl=map&start=0&sort=pageRankFile+desc&rows=10&wt=json} hits=222 status=0 QTime=1
2022-05-04 05:24:51.388 INFO  (qtp572593338-51) [   x:myexample] o.a.s.c.S.Request [myexample]  webapp=/solr path=/select params={q=usc&_=1651638737317} hits=2606 status=0 QTime=10
2022-05-04 05:24:59.304 INFO  (qtp572593338-41) [   x:myexample] o.a.s.c.S.Request [myexample]  webapp=/solr path=/query params={} hits=0 status=0 QTime=30
2022-05-04 05:25:09.635 INFO  (qtp572593338-41) [   ] o.a.s.s.HttpSolrCall [admin] webapp=null path=/admin/cores params={indexInfo=false&wt=json&_=1651638736936} status=0 QTime=4
2022-05-04 05:25:09.722 INFO  (qtp572593338-14) [   ] o.a.s.s.HttpSolrCall [admin] webapp=null path=/admin/info/system params={wt=json&_=1651638736936} status=0 QTime=90
2022-05-04 05:25:09.761 INFO  (qtp572593338-41) [   ] o.a.s.s.HttpSolrCall [admin] webapp=null path=/admin/info/system params={wt=json&_=1651638736936} status=0 QTime=31
2022-05-04 05:25:12.897 INFO  (qtp572593338-14) [   ] o.a.s.s.HttpSolrCall [admin] webapp=null path=/admin/cores params={indexInfo=false&wt=json&_=1651638736936} status=0 QTime=2
2022-05-04 05:25:12.930 INFO  (qtp572593338-58) [   ] o.a.s.s.HttpSolrCall [admin] webapp=null path=/admin/info/system params={wt=json&_=1651638736936} status=0 QTime=35
2022-05-04 05:25:25.392 INFO  (qtp572593338-43) [   x:myexample] o.a.s.c.S.Request [myexample]  webapp=/solr path=/select params={q=usc&_=1651638737317} hits=2606 status=0 QTime=2
2022-05-04 05:25:29.267 INFO  (qtp572593338-58) [   x:myexample] o.a.s.c.S.Request [myexample]  webapp=/solr path=/select params={q=usc} hits=2606 status=0 QTime=5
2022-05-04 05:26:43.363 INFO  (qtp572593338-43) [   x:myexample] o.a.s.c.S.Request [myexample]  webapp=/solr path=/select params={q=usc} hits=2606 status=0 QTime=11
2022-05-04 06:06:30.922 INFO  (qtp572593338-20) [   x:myexample] o.a.s.c.S.Request [myexample]  webapp=/solr path=/select params={q=ca&json.nl=map&start=0&rows=10&wt=json} hits=19116 status=0 QTime=37
2022-05-04 06:12:10.518 INFO  (qtp572593338-20) [   x:myexample] o.a.s.c.S.Request [myexample]  webapp=/solr path=/select params={q=ca&json.nl=map&start=0&rows=10&wt=json} hits=19116 status=0 QTime=4
2022-05-04 06:12:17.485 INFO  (qtp572593338-14) [   ] o.a.s.s.HttpSolrCall [admin] webapp=null path=/admin/cores params={indexInfo=false&wt=json&_=1651644737276} status=0 QTime=8
2022-05-04 06:12:17.526 INFO  (qtp572593338-58) [   ] o.a.s.s.HttpSolrCall [admin] webapp=null path=/admin/info/system params={wt=json&_=1651644737277} status=0 QTime=49
2022-05-04 06:13:06.932 INFO  (qtp572593338-58) [   ] o.a.s.s.HttpSolrCall [admin] webapp=null path=/admin/cores params={indexInfo=false&wt=json&_=1651644786722} status=0 QTime=2
2022-05-04 06:13:06.984 INFO  (qtp572593338-20) [   ] o.a.s.s.HttpSolrCall [admin] webapp=null path=/admin/info/system params={wt=json&_=1651644786722} status=0 QTime=54
2022-05-04 06:16:01.692 INFO  (Thread-1) [   ] o.e.j.s.AbstractConnector Stopped ServerConnector@195c0251{HTTP/1.1,[http/1.1]}{0.0.0.0:8983}
2022-05-04 06:16:01.694 INFO  (Thread-1) [   ] o.e.j.s.session node0 Stopped scavenging
2022-05-04 06:16:01.734 INFO  (Thread-1) [   ] o.a.s.c.CoreContainer Shutting down CoreContainer instance=515809288
2022-05-04 06:16:01.743 INFO  (coreCloseExecutor-15-thread-1) [   x:myexample] o.a.s.c.SolrCore [myexample]  CLOSING SolrCore org.apache.solr.core.SolrCore@6eb04019
2022-05-04 06:16:01.748 INFO  (coreCloseExecutor-15-thread-1) [   x:myexample] o.a.s.m.SolrMetricManager Closing metric reporters for registry=solr.core.myexample, tag=6eb04019
2022-05-04 06:16:01.753 INFO  (coreCloseExecutor-15-thread-1) [   x:myexample] o.a.s.m.r.SolrJmxReporter Closing reporter [org.apache.solr.metrics.reporters.SolrJmxReporter@7889d2c6: rootName = null, domain = solr.core.myexample, service url = null, agent id = null] for registry solr.core.myexample / com.codahale.metrics.MetricRegistry@2038fa7a
2022-05-04 06:16:02.221 INFO  (Thread-1) [   ] o.a.s.m.SolrMetricManager Closing metric reporters for registry=solr.node, tag=null
2022-05-04 06:16:02.225 INFO  (Thread-1) [   ] o.a.s.m.r.SolrJmxReporter Closing reporter [org.apache.solr.metrics.reporters.SolrJmxReporter@350ec41e: rootName = null, domain = solr.node, service url = null, agent id = null] for registry solr.node / com.codahale.metrics.MetricRegistry@23f00203
2022-05-04 06:16:02.241 INFO  (Thread-1) [   ] o.a.s.m.SolrMetricManager Closing metric reporters for registry=solr.jvm, tag=null
2022-05-04 06:16:02.243 INFO  (Thread-1) [   ] o.a.s.m.r.SolrJmxReporter Closing reporter [org.apache.solr.metrics.reporters.SolrJmxReporter@24bdb479: rootName = null, domain = solr.jvm, service url = null, agent id = null] for registry solr.jvm / com.codahale.metrics.MetricRegistry@242112eb
2022-05-04 06:16:02.245 INFO  (Thread-1) [   ] o.a.s.m.SolrMetricManager Closing metric reporters for registry=solr.jetty, tag=null
2022-05-04 06:16:02.245 INFO  (Thread-1) [   ] o.a.s.m.r.SolrJmxReporter Closing reporter [org.apache.solr.metrics.reporters.SolrJmxReporter@7e3f95fe: rootName = null, domain = solr.jetty, service url = null, agent id = null] for registry solr.jetty / com.codahale.metrics.MetricRegistry@1102a5e
2022-05-04 06:16:02.283 INFO  (Thread-1) [   ] o.e.j.s.h.ContextHandler Stopped o.e.j.w.WebAppContext@561b6512{/solr,null,UNAVAILABLE}{/Users/esha/Documents/CSCI 572/hw4/solr-7.7.3/server/solr-webapp/webapp}
